
=== Wed Oct 22 17:40:18 2025

Packages were changed.
Update Mode: updateDependencies

The following packages were updated:
  com.unity.collab-proxy from version 2.0.0 to 2.5.2
  com.unity.ide.rider from version 3.0.18 to 3.0.31
  com.unity.ide.visualstudio from version 2.0.17 to 2.0.22
  com.unity.test-framework from version 1.1.31 to 1.1.33
  com.unity.timeline from version 1.6.4 to 1.6.5
  com.unity.visualscripting from version 1.8.0 to 1.9.4

=== Thu Nov  6 16:01:38 2025

Packages were changed.
Update Mode: updateDependencies

The following packages were updated:
  com.unity.2d.animation from version 4.2.5 to 7.1.1
  com.unity.2d.pixel-perfect from version 3.0.2 to 5.0.3
  com.unity.2d.psdimporter from version 3.1.5 to 6.0.9
  com.unity.2d.spriteshape from version 4.1.3 to 7.0.7
  com.unity.collab-proxy from version 1.3.9 to 2.5.2
  com.unity.ide.rider from version 1.2.1 to 3.0.31
  com.unity.ide.visualstudio from version 2.0.2 to 2.0.22
  com.unity.ide.vscode from version 1.2.1 to 1.2.5
  com.unity.test-framework from version 1.1.16 to 1.1.33
  com.unity.textmeshpro from version 3.0.1 to 3.0.6
  com.unity.timeline from version 1.3.4 to 1.6.5

=== Thu Nov  6 16:01:38 2025

Packages were changed.
Update Mode: mergeDefaultDependencies

The following packages were added:
  com.unity.2d.animation@7.1.1
  com.unity.2d.pixel-perfect@5.0.3
  com.unity.2d.psdimporter@6.0.9
  com.unity.2d.sprite@1.0.0
  com.unity.2d.spriteshape@7.0.7
  com.unity.2d.tilemap@1.0.0
